#
# There is insufficient memory for the Java Runtime Environment to continue.
# Native memory allocation (malloc) failed to allocate 418096 bytes for Chunk::new
# Possible reasons:
#   The system is out of physical RAM or swap space
#   In 32 bit mode, the process size limit was hit
# Possible solutions:
#   Reduce memory load on the system
#   Increase physical memory or swap space
#   Check if swap backing store is full
#   Use 64 bit Java on a 64 bit OS
#   Decrease Java heap size (-Xmx/-Xms)
#   Decrease number of Java threads
#   Decrease Java thread stack sizes (-Xss)
#   Set larger code cache with -XX:ReservedCodeCacheSize=
# This output file may be truncated or incomplete.
#
#  Out of Memory Error (allocation.cpp:390), pid=15936, tid=3532
#
# JRE version: Java(TM) SE Runtime Environment (8.0_60-b27) (build 1.8.0_60-b27)
# Java VM: Java HotSpot(TM) 64-Bit Server VM (25.60-b23 mixed mode windows-amd64 compressed oops)
# Failed to write core dump. Minidumps are not enabled by default on client versions of Windows
#

---------------  T H R E A D  ---------------

Current thread (0x0000000007f56000):  JavaThread "C2 CompilerThread1" daemon [_thread_in_native, id=3532, stack(0x0000000008300000,0x0000000008400000)]

Stack: [0x0000000008300000,0x0000000008400000]
[error occurred during error reporting (printing stack bounds), id 0xc0000005]

Native frames: (J=compiled Java code, j=interpreted, Vv=VM code, C=native code)


Current CompileTask:
C2:   4479 1234       4       com.android.dx.ssa.back.LivenessAnalyzer::run (231 bytes)


---------------  P R O C E S S  ---------------

Java Threads: ( => current thread )
  0x0000000008175800 JavaThread "pool-1-thread-4" [_thread_blocked, id=14236, stack(0x0000000008b00000,0x0000000008c00000)]
  0x0000000008173000 JavaThread "pool-1-thread-3" [_thread_blocked, id=7704, stack(0x0000000008a00000,0x0000000008b00000)]
  0x0000000008172000 JavaThread "pool-1-thread-2" [_thread_blocked, id=15496, stack(0x0000000008900000,0x0000000008a00000)]
  0x0000000008066000 JavaThread "pool-2-thread-1" [_thread_blocked, id=12156, stack(0x0000000008800000,0x0000000008900000)]
  0x0000000008065000 JavaThread "pool-1-thread-1" [_thread_blocked, id=14092, stack(0x0000000008700000,0x0000000008800000)]
  0x0000000007f5e000 JavaThread "Service Thread" daemon [_thread_blocked, id=6936, stack(0x0000000008500000,0x0000000008600000)]
  0x0000000007f59000 JavaThread "C1 CompilerThread2" daemon [_thread_blocked, id=9892, stack(0x0000000008400000,0x0000000008500000)]
=>0x0000000007f56000 JavaThread "C2 CompilerThread1" daemon [_thread_in_native, id=3532, stack(0x0000000008300000,0x0000000008400000)]
  0x0000000006908000 JavaThread "C2 CompilerThread0" daemon [_thread_in_native, id=5200, stack(0x0000000007e00000,0x0000000007f00000)]
  0x00000000068bd800 JavaThread "Attach Listener" daemon [_thread_blocked, id=10328, stack(0x0000000007d00000,0x0000000007e00000)]
  0x00000000068bc000 JavaThread "Signal Dispatcher" daemon [_thread_blocked, id=8768, stack(0x0000000007c00000,0x0000000007d00000)]
  0x00000000031d0800 JavaThread "Finalizer" daemon [_thread_blocked, id=10768, stack(0x0000000007b00000,0x0000000007c00000)]
  0x00000000031cc000 JavaThread "Reference Handler" daemon [_thread_blocked, id=8176, stack(0x0000000007a00000,0x0000000007b00000)]
  0x00000000030e0800 JavaThread "main" [_thread_in_vm, id=16168, stack(0x0000000002fd0000,0x00000000030d0000)]

Other Threads:
  0x0000000006876000 VMThread [stack: 0x0000000007900000,0x0000000007a00000] [id=15264]
  0x0000000007f9e800 WatcherThread [stack: 0x0000000008600000,0x0000000008700000] [id=16120]

VM state:not at safepoint (normal execution)

VM Mutex/Monitor currently owned by a thread: None

Heap:
 PSYoungGen      total 38400K, used 30257K [0x00000000eab00000, 0x00000000ed580000, 0x0000000100000000)
  eden space 33280K, 90% used [0x00000000eab00000,0x00000000ec88c558,0x00000000ecb80000)
  from space 5120K, 0% used [0x00000000ed080000,0x00000000ed080000,0x00000000ed580000)
  to   space 5120K, 0% used [0x00000000ecb80000,0x00000000ecb80000,0x00000000ed080000)
 ParOldGen       total 87552K, used 0K [0x00000000c0000000, 0x00000000c5580000, 0x00000000eab00000)
  object space 87552K, 0% used [0x00000000c0000000,0x00000000c0000000,0x00000000c5580000)
 Metaspace       used 6034K, capacity 6960K, committed 7040K, reserved 1056768K
  class space    used 599K, capacity 616K, committed 640K, reserved 1048576K

Card table byte_map: [0x00000000035a0000,0x00000000037b0000] byte_map_base: 0x0000000002fa0000

Marking Bits: (ParMarkBitMap*) 0x00000000743da5b0
 Begin Bits: [0x0000000003d10000, 0x0000000004d10000)
 End Bits:   [0x0000000004d10000, 0x0000000005d10000)

Polling page: 0x0000000002bc0000

CodeCache: size=245760Kb used=5222Kb max_used=5222Kb free=240537Kb
 bounds [0x000000000f010000, 0x000000000f530000, 0x000000001e010000]
 total_blobs=1507 nmethods=1236 adapters=184
 compilation: enabled

Compilation events (10 events):
Event: 4.456 Thread 0x0000000007f59000 1236       3       com.android.dx.ssa.DomFront::<init> (60 bytes)
Event: 4.456 Thread 0x0000000007f59000 nmethod 1236 0x000000000f524e50 code [0x000000000f524fe0, 0x000000000f525630]
Event: 4.456 Thread 0x0000000007f59000 1237       3       com.android.dx.ssa.DomFront::run (264 bytes)
Event: 4.462 Thread 0x0000000007f59000 nmethod 1237 0x000000000f526890 code [0x000000000f526e00, 0x000000000f52a468]
Event: 4.466 Thread 0x0000000007f59000 1238       1       com.android.dx.rop.annotation.Annotation::getType (5 bytes)
Event: 4.466 Thread 0x0000000007f59000 nmethod 1238 0x000000000f50f910 code [0x000000000f50fa60, 0x000000000f50fb70]
Event: 4.466 Thread 0x0000000007f59000 1239  s    3       com.android.dx.dex.file.FieldIdsSection::intern (55 bytes)
Event: 4.467 Thread 0x0000000007f59000 nmethod 1239 0x000000000f5237d0 code [0x000000000f523a00, 0x000000000f524728]
Event: 4.471 Thread 0x0000000007f59000 1240       3       com.android.dx.ssa.SsaBasicBlock::insertNewPredecessor (134 bytes)
Event: 4.472 Thread 0x0000000007f59000 nmethod 1240 0x000000000f52c310 code [0x000000000f52c560, 0x000000000f52d0b8]

GC Heap History (0 events):
No events

Deoptimization events (9 events):
Event: 3.137 Thread 0x0000000008175800 Uncommon trap: reason=unstable_if action=reinterpret pc=0x000000000f2866f0 method=java.util.BitSet.nextSetBit(I)I @ 87
Event: 3.162 Thread 0x0000000008065000 Uncommon trap: reason=class_check action=maybe_recompile pc=0x000000000f2f9070 method=com.android.dx.ssa.NormalSsaInsn.accept(Lcom/android/dx/ssa/SsaInsn$Visitor;)V @ 9
Event: 3.162 Thread 0x0000000008065000 Uncommon trap: reason=class_check action=maybe_recompile pc=0x000000000f2f9070 method=com.android.dx.ssa.NormalSsaInsn.accept(Lcom/android/dx/ssa/SsaInsn$Visitor;)V @ 9
Event: 3.172 Thread 0x00000000030e0800 Uncommon trap: reason=unstable_if action=reinterpret pc=0x000000000f266b88 method=java.util.HashMap.getNode(ILjava/lang/Object;)Ljava/util/HashMap$Node; @ 129
Event: 3.416 Thread 0x0000000008173000 Uncommon trap: reason=unstable_if action=reinterpret pc=0x000000000f2e5fb4 method=java.util.BitSet.ensureCapacity(I)V @ 6
Event: 3.625 Thread 0x0000000008175800 Uncommon trap: reason=unstable_if action=reinterpret pc=0x000000000f37401c method=com.android.dx.rop.cst.Constant.compareTo(Lcom/android/dx/rop/cst/Constant;)I @ 12
Event: 3.660 Thread 0x00000000030e0800 Uncommon trap: reason=unstable_if action=reinterpret pc=0x000000000f414890 method=com.android.dx.ssa.SsaRenamer$BlockRenamer.addMapping(ILcom/android/dx/rop/code/RegisterSpec;)V @ 120
Event: 3.662 Thread 0x00000000030e0800 Uncommon trap: reason=bimorphic action=maybe_recompile pc=0x000000000f26a0a8 method=java.util.HashMap.getNode(ILjava/lang/Object;)Ljava/util/HashMap$Node; @ 126
Event: 3.662 Thread 0x00000000030e0800 Uncommon trap: reason=bimorphic action=maybe_recompile pc=0x000000000f26a0a8 method=java.util.HashMap.getNode(ILjava/lang/Object;)Ljava/util/HashMap$Node; @ 126

Internal exceptions (2 events):
Event: 0.105 Thread 0x00000000030e0800 Exception <a 'java/lang/NoSuchMethodError': Method sun.misc.Unsafe.defineClass(Ljava/lang/String;[BII)Ljava/lang/Class; name or signature does not match> (0x00000000eab13068) thrown at [C:\re\workspace\8-2-build-windows-amd64-cygwin\jdk8u60\4407\hotspot\sr V&3êº?
Event: 0.105 Thread 0x00000000030e0800 Exception <a 'java/lang/NoSuchMethodError': Method sun.misc.Unsafe.prefetchRead(Ljava/lang/Object;J)V name or signature does not match> (0x00000000eab13350) thrown at [C:\re\workspace\8-2-build-windows-amd64-cygwin\jdk8u60\4407\hotspot\src\share\vm\prims\j

Events (10 events):
Event: 3.660 Thread 0x00000000030e0800 DEOPT PACKING pc=0x000000000f414890 sp=0x00000000030ce160
Event: 3.660 Thread 0x00000000030e0800 DEOPT UNPACKING pc=0x000000000f05582a sp=0x00000000030ce0f0 mode 2
Event: 3.662 Thread 0x00000000030e0800 Uncommon trap: trap_request=0xffffffc6 fr.pc=0x000000000f26a0a8
Event: 3.662 Thread 0x00000000030e0800 DEOPT PACKING pc=0x000000000f26a0a8 sp=0x00000000030ce360
Event: 3.662 Thread 0x00000000030e0800 DEOPT UNPACKING pc=0x000000000f05582a sp=0x00000000030ce278 mode 2
Event: 3.662 Thread 0x00000000030e0800 Uncommon trap: trap_request=0xffffffc6 fr.pc=0x000000000f26a0a8
Event: 3.662 Thread 0x00000000030e0800 DEOPT PACKING pc=0x000000000f26a0a8 sp=0x00000000030ce340
Event: 3.662 Thread 0x00000000030e0800 DEOPT UNPACKING pc=0x000000000f05582a sp=0x00000000030ce258 mode 2
Event: 3.685 Executing VM operation: ForceSafepoint
Event: 3.787 Executing VM operation: ForceSafepoint done


Dynamic libraries:
0x00007ff762e60000 - 0x00007ff762e97000 	D:\Java\jdk1.8.0_60\bin\java.exe
0x00007ffa56740000 - 0x00007ffa56901000 	C:\WINDOWS\SYSTEM32\ntdll.dll
0x00007ffa56690000 - 0x00007ffa5673d000 	C:\WINDOWS\system32\KERNEL32.DLL
0x00007ffa53790000 - 0x00007ffa53978000 	C:\WINDOWS\system32\KERNELBASE.dll
0x00007ffa563b0000 - 0x00007ffa56457000 	C:\WINDOWS\system32\ADVAPI32.dll
0x00007ffa53b40000 - 0x00007ffa53bdd000 	C:\WINDOWS\system32\msvcrt.dll
0x00007ffa53fe0000 - 0x00007ffa5403b000 	C:\WINDOWS\system32\sechost.dll
0x00007ffa55e90000 - 0x00007ffa55fac000 	C:\WINDOWS\system32\RPCRT4.dll
0x00007ffa54200000 - 0x00007ffa54356000 	C:\WINDOWS\system32\USER32.dll
0x00007ffa54360000 - 0x00007ffa544e6000 	C:\WINDOWS\system32\GDI32.dll
0x00007ffa47de0000 - 0x00007ffa48054000 	C:\WINDOWS\WinSxS\amd64_microsoft.windows.common-controls_6595b64144ccf1df_6.0.10586.494_none_a2d8b04ea53e3145\COMCTL32.dll
0x00007ffa53be0000 - 0x00007ffa53e5d000 	C:\WINDOWS\system32\combase.dll
0x00007ffa53ad0000 - 0x00007ffa53b3a000 	C:\WINDOWS\system32\bcryptPrimitives.dll
0x00007ffa540b0000 - 0x00007ffa540eb000 	C:\WINDOWS\system32\IMM32.DLL
0x00007ffa51d10000 - 0x00007ffa51d41000 	C:\Windows\system32\nvinitx.dll
0x00007ffa520a0000 - 0x00007ffa520aa000 	C:\WINDOWS\SYSTEM32\VERSION.dll
0x000000000f000000 - 0x000000000f006000 	C:\Program Files\NVIDIA Corporation\CoProcManager\_etoured.dll
0x00007ffa51010000 - 0x00007ffa51042000 	C:\Program Files\NVIDIA Corporation\CoProcManager\nvd3d9wrapx.dll
0x00007ffa544f0000 - 0x00007ffa54919000 	C:\WINDOWS\system32\SETUPAPI.dll
0x00007ffa53740000 - 0x00007ffa53783000 	C:\WINDOWS\system32\CFGMGR32.dll
0x00007ffa50fe0000 - 0x00007ffa51002000 	C:\Program Files\NVIDIA Corporation\CoProcManager\nvdxgiwrapx.dll
0x0000000073af0000 - 0x0000000073bc2000 	D:\Java\jdk1.8.0_60\jre\bin\msvcr100.dll
0x0000000073bd0000 - 0x0000000074459000 	D:\Java\jdk1.8.0_60\jre\bin\server\jvm.dll
0x00007ffa561f0000 - 0x00007ffa561f8000 	C:\WINDOWS\system32\PSAPI.DLL
0x00007ffa4f2c0000 - 0x00007ffa4f2c9000 	C:\WINDOWS\SYSTEM32\WSOCK32.dll
0x00007ffa50f60000 - 0x00007ffa50f83000 	C:\WINDOWS\SYSTEM32\WINMM.dll
0x00007ffa54040000 - 0x00007ffa540ab000 	C:\WINDOWS\system32\WS2_32.dll
0x00007ffa50f30000 - 0x00007ffa50f5c000 	C:\WINDOWS\SYSTEM32\winmmbase.dll
0x0000000073ae0000 - 0x0000000073aef000 	D:\Java\jdk1.8.0_60\jre\bin\verify.dll
0x0000000073ab0000 - 0x0000000073ad9000 	D:\Java\jdk1.8.0_60\jre\bin\java.dll
0x0000000073a90000 - 0x0000000073aa6000 	D:\Java\jdk1.8.0_60\jre\bin\zip.dll
0x00007ffa54930000 - 0x00007ffa55e8c000 	C:\WINDOWS\system32\SHELL32.dll
0x00007ffa52e50000 - 0x00007ffa53495000 	C:\WINDOWS\system32\windows.storage.dll
0x00007ffa56010000 - 0x00007ffa56062000 	C:\WINDOWS\system32\shlwapi.dll
0x00007ffa52de0000 - 0x00007ffa52def000 	C:\WINDOWS\system32\kernel.appcore.dll
0x00007ffa53980000 - 0x00007ffa53a35000 	C:\WINDOWS\system32\shcore.dll
0x00007ffa52d70000 - 0x00007ffa52dbb000 	C:\WINDOWS\system32\powrprof.dll
0x00007ffa52dc0000 - 0x00007ffa52dd4000 	C:\WINDOWS\system32\profapi.dll

VM Arguments:
jvm_args: -Djava.awt.headless=true -Xmx1024M -Dfile.encoding=GBK -Duser.country=CN -Duser.language=zh -Duser.variant 
java_command: com.android.dx.command.Main --dex --num-threads=4 --output E:\Study\Android\AS_Project\DeveloperNews\app\build\intermediates\pre-dexed\debug\com.cjj.materialrefeshlayout-library-1.3.0_44743f101da14ca91bc8133ef9db6b4095c0202f.jar E:\Study\Android\AS_Project\DeveloperNews\app\build\intermediates\exploded-aar\com.cjj.materialrefeshlayout\library\1.3.0\jars\classes.jar
java_class_path (initial): D:\AndroidSDK\build-tools\24.0.0\lib\dx.jar
Launcher Type: SUN_STANDARD

Environment Variables:
JAVA_HOME=D:\Java\jdk1.8.0_60\
CLASSPATH=.;D:\Java\jdk1.8.0_60\\lib\dt.jar;D:\Java\jdk1.8.0_60\\lib\tools.jar
PATH=C:\Program Files (x86)\NVIDIA Corporation\PhysX\Common;C:\ProgramData\Oracle\Java\javapath;C:\WINDOWS\system32;C:\WINDOWS;C:\WINDOWS\System32\Wbem;C:\WINDOWS\System32\WindowsPowerShell\v1.0\;C:\Program Files\nodejs\;D:\Java\jdk1.8.0_60\bin;D:\Java\jdk1.8.0_60\jre\bin;D:\AndroidSDK\platform-tools;D:\AndroidSDK\tools;D:\MinGW\bin;D:\MySQL\mysql-5.6.24-winx64\bin;D:\Users\asus\AppData\Roaming\npm
USERNAME=asus
OS=Windows_NT
PROCESSOR_IDENTIFIER=Intel64 Family 6 Model 42 Stepping 7, GenuineIntel



---------------  S Y S T E M  ---------------

OS: Windows 10.0 , 64 bit Build 10586 (10.0.10586.0)

CPU:total 4 (2 cores per cpu, 2 threads per core) family 6 model 42 stepping 7, cmov, cx8, fxsr, mmx, sse, sse2, sse3, ssse3, sse4.1, sse4.2, popcnt, avx, clmul, ht, tsc, tscinvbit

Memory: 4k page, physical 8269564k(1179340k free), swap 8269564k(7324k free)

vm_info: Java HotSpot(TM) 64-Bit Server VM (25.60-b23) for windows-amd64 JRE (1.8.0_60-b27), built on Aug  4 2015 11:06:27 by "java_re" with MS VC++ 10.0 (VS2010)

time: Mon Sep 12 22:16:06 2016
elapsed time: 4 seconds (0d 0h 0m 4s)

